8/5/2024 12:48:12 AM	This log contains information about the import schema operation into project 'sqlcicd' on computer 'DESKTOP-44KU09F' by user 'hp'.
8/5/2024 12:48:12 AM	Import of database schema has started.
8/5/2024 12:48:16 AM	Gathering logins
8/5/2024 12:48:17 AM	Gathering database credentials
8/5/2024 12:48:17 AM	Gathering database options
8/5/2024 12:48:17 AM	Gathering generic database scoped configuration option
8/5/2024 12:48:17 AM	Gathering users
8/5/2024 12:48:17 AM	Gathering roles
8/5/2024 12:48:17 AM	Gathering application roles
8/5/2024 12:48:17 AM	Gathering role memberships
8/5/2024 12:48:17 AM	Gathering filegroups
8/5/2024 12:48:17 AM	Gathering full-text catalogs
8/5/2024 12:48:17 AM	Gathering assemblies
8/5/2024 12:48:17 AM	Gathering certificates
8/5/2024 12:48:17 AM	Gathering symmetric keys
8/5/2024 12:48:17 AM	Gathering encrypted symmetric keys
8/5/2024 12:48:17 AM	Gathering schemas
8/5/2024 12:48:17 AM	Gathering XML schema collections
8/5/2024 12:48:17 AM	Gathering user-defined data types
8/5/2024 12:48:17 AM	Gathering user-defined types
8/5/2024 12:48:17 AM	Gathering table types
8/5/2024 12:48:17 AM	Gathering unique keys for table types
8/5/2024 12:48:17 AM	Gathering primary keys for table types
8/5/2024 12:48:17 AM	Gathering indexes for table types
8/5/2024 12:48:17 AM	Gathering check constraints for table types
8/5/2024 12:48:17 AM	Gathering default constraints for table types
8/5/2024 12:48:17 AM	Gathering partition functions
8/5/2024 12:48:17 AM	Gathering partition schemes
8/5/2024 12:48:17 AM	Gathering functions
8/5/2024 12:48:17 AM	Gathering encrypted functions
8/5/2024 12:48:17 AM	Gathering aggregates
8/5/2024 12:48:17 AM	Gathering procedures
8/5/2024 12:48:17 AM	Gathering encrypted procedures
8/5/2024 12:48:17 AM	Gathering tables
8/5/2024 12:48:17 AM	Gathering primary keys
8/5/2024 12:48:17 AM	Gathering unique constraints
8/5/2024 12:48:17 AM	Gathering foreign keys
8/5/2024 12:48:17 AM	Gathering default constraints
8/5/2024 12:48:17 AM	Gathering check constraints
8/5/2024 12:48:17 AM	Gathering views
8/5/2024 12:48:17 AM	Gathering encrypted views
8/5/2024 12:48:17 AM	Gathering indexes
8/5/2024 12:48:17 AM	Gathering statistics
8/5/2024 12:48:17 AM	Gathering full-text index stoplists
8/5/2024 12:48:17 AM	Gathering search property lists
8/5/2024 12:48:17 AM	Gathering search properties
8/5/2024 12:48:17 AM	Gathering full-text indexes
8/5/2024 12:48:17 AM	Gathering column store indexes
8/5/2024 12:48:17 AM	Gathering spatial indexes
8/5/2024 12:48:17 AM	Gathering XML indexes
8/5/2024 12:48:17 AM	Gathering Selective XML indexes
8/5/2024 12:48:17 AM	Gathering encrypted triggers
8/5/2024 12:48:17 AM	Gathering triggers
8/5/2024 12:48:17 AM	Gathering encrypted and clr ddl triggers
8/5/2024 12:48:17 AM	Gathering ddl triggers
8/5/2024 12:48:17 AM	Creating edge constraints
8/5/2024 12:48:17 AM	Gathering synonyms
8/5/2024 12:48:17 AM	Gathering defaults
8/5/2024 12:48:17 AM	Gathering data constraint uddt bindings
8/5/2024 12:48:17 AM	Gathering rules
8/5/2024 12:48:17 AM	Gathering data constraint uddt bindings
8/5/2024 12:48:17 AM	Gathering message types
8/5/2024 12:48:17 AM	Gathering queues
8/5/2024 12:48:17 AM	Gathering contracts
8/5/2024 12:48:17 AM	Gathering services
8/5/2024 12:48:17 AM	Gathering event notifications
8/5/2024 12:48:17 AM	Gathering remote service bindings
8/5/2024 12:48:17 AM	Gathering broker priorities
8/5/2024 12:48:17 AM	Gathering signatures
8/5/2024 12:48:17 AM	Gathering compression options
8/5/2024 12:48:17 AM	Gathering sequence types
8/5/2024 12:48:17 AM	Gathering security policies
8/5/2024 12:48:17 AM	Gather column encryption keys
8/5/2024 12:48:17 AM	Gathering column master keys
8/5/2024 12:48:17 AM	Gathering external data sources
8/5/2024 12:48:17 AM	Gathering external file formats
8/5/2024 12:48:17 AM	Gathering external tables
8/5/2024 12:48:17 AM	Gathering XML index compression options
8/5/2024 12:48:17 AM	Gathering extended properties
8/5/2024 12:48:17 AM	Gathering assemblies
8/5/2024 12:48:19 AM	Gathering logins
8/5/2024 12:48:20 AM	Scanning project for duplicate elements
8/5/2024 12:48:20 AM	Finished duplicate element processing
8/5/2024 12:48:21 AM	Finished importing database.
8/5/2024 12:48:21 AM	A summary of the import was saved to the following location: C:\cicdpractice\sqlcicd\sqlcicd\Import Schema Logs\sqlcicd_20240804071812.log
8/5/2024 12:48:21 AM	Click Finish to continue...
